<?xml version="1.0" encoding="UTF-8"?>
<testsuite xmlns:xsi="http://www.w3.org/2001/XMLSchema-instance" xsi:noNamespaceSchemaLocation="https://maven.apache.org/surefire/maven-surefire-plugin/xsd/surefire-test-report.xsd" version="3.0.2" name="com.tlias.WebAiTlias1ApplicationTests" time="3.061" tests="1" errors="0" skipped="0" failures="0">
  <properties>
[...]
</properties>
  <testcase name="contextLoads" classname="com.tlias.WebAiTlias1ApplicationTests" time="0.498">
    <system-out><![CDATA[2025-11-01 22:28:12.685 [main] INFO  o.s.t.c.support.AnnotationConfigContextLoaderUtils - Could not detect default configuration classes for test class [com.tlias.WebAiTlias1ApplicationTests]: WebAiTlias1ApplicationTests does not declare any static, non-private, non-final, nested classes annotated with @Configuration.
2025-11-01 22:28:12.763 [main] INFO  o.s.b.t.context.SpringBootTestContextBootstrapper - Found @SpringBootConfiguration com.tlias.WebAiTlias1Application for test class com.tlias.WebAiTlias1ApplicationTests

  .   ____          _            __ _ _
 /\\ / ___'_ __ _ _(_)_ __  __ _ \ \ \ \
( ( )\___ | '_ | '_| | '_ \/ _` | \ \ \ \
 \\/  ___)| |_)| | | | | || (_| |  ) ) ) )
  '  |____| .__|_| |_|_| |_\__, | / / / /
 =========|_|==============|___/=/_/_/_/

 :: Spring Boot ::                (v3.5.7)

2025-11-01 22:28:13.073 [main] INFO  com.tlias.WebAiTlias1ApplicationTests - Starting WebAiTlias1ApplicationTests using Java 17.0.12 with PID 16336 (started by p1783 in D:\works\Idea\web-ai-tlias-1)
2025-11-01 22:28:13.075 [main] INFO  com.tlias.WebAiTlias1ApplicationTests - No active profile set, falling back to 1 default profile: "default"
Logging initialized using 'class org.apache.ibatis.logging.stdout.StdOutImpl' adapter.


,------.                           ,--.  ,--.         ,--.                         
|  .--. '  ,--,--.  ,---.   ,---.  |  '--'  |  ,---.  |  |  ,---.   ,---.  ,--.--. 
|  '--' | ' ,-.  | | .-. | | .-. : |  .--.  | | .-. : |  | | .-. | | .-. : |  .--' 
|  | --'  \ '-'  | ' '-' ' \   --. |  |  |  | \   --. |  | | '-' ' \   --. |  |    
`--'       `--`--' .`-  /   `----' `--'  `--'  `----' `--' |  |-'   `----' `--'    
                   `---'                                   `--'                        is intercepting.

2025-11-01 22:28:15.026 [main] INFO  com.tlias.WebAiTlias1ApplicationTests - Started WebAiTlias1ApplicationTests in 2.171 seconds (process running for 2.893)
]]></system-out>
  </testcase>
</testsuite>